  [1m[36m (7.2ms)[0m  [1mCREATE TABLE "schema_migrations" ("version" character varying(255) NOT NULL) [0m
  [1m[35m (11.4ms)[0m  CREATE UNIQUE INDEX  "unique_schema_migrations" ON "schema_migrations"  ("version")
  [1m[36mActiveRecord::SchemaMigration Load (0.3ms)[0m  [1mSELECT "schema_migrations".* FROM "schema_migrations"[0m
Migrating to CreatePosts (20140806053831)
  [1m[35m (0.1ms)[0m  BEGIN
  [1m[36m (23.6ms)[0m  [1mCREATE TABLE "posts" ("id" serial primary key, "title" character varying(255), "content" text, "created_at" timestamp, "updated_at" timestamp) [0m
  [1m[35mSQL (5.8ms)[0m  INSERT INTO "schema_migrations" ("version") VALUES ($1)  [["version", "20140806053831"]]
  [1m[36m (5.3ms)[0m  [1mCOMMIT[0m
Migrating to CreateComments (20140806053906)
  [1m[35m (5.3ms)[0m  BEGIN
  [1m[36m (8.3ms)[0m  [1mCREATE TABLE "comments" ("id" serial primary key, "content" text, "created_at" timestamp, "updated_at" timestamp) [0m
  [1m[35mSQL (0.2ms)[0m  INSERT INTO "schema_migrations" ("version") VALUES ($1)  [["version", "20140806053906"]]
  [1m[36m (0.3ms)[0m  [1mCOMMIT[0m
Migrating to CreateUsers (20140806053949)
  [1m[35m (0.2ms)[0m  BEGIN
  [1m[36m (2.0ms)[0m  [1mCREATE TABLE "users" ("id" serial primary key, "username" character varying(255), "password" character varying(255), "created_at" timestamp, "updated_at" timestamp) [0m
  [1m[35mSQL (0.1ms)[0m  INSERT INTO "schema_migrations" ("version") VALUES ($1)  [["version", "20140806053949"]]
  [1m[36m (0.2ms)[0m  [1mCOMMIT[0m
  [1m[35mActiveRecord::SchemaMigration Load (0.1ms)[0m  SELECT "schema_migrations".* FROM "schema_migrations"


Started GET "/" for 127.0.0.1 at 2014-08-05 23:04:00 -0700
  [1m[36mActiveRecord::SchemaMigration Load (0.2ms)[0m  [1mSELECT "schema_migrations".* FROM "schema_migrations"[0m
Processing by Rails::WelcomeController#index as HTML
  Rendered /Users/joshjeong/.rvm/gems/ruby-2.1.2/gems/railties-4.1.1/lib/rails/templates/rails/welcome/index.html.erb (1.3ms)
Completed 200 OK in 14ms (Views: 6.4ms | ActiveRecord: 0.0ms)


Started GET "/posts" for 127.0.0.1 at 2014-08-05 23:04:05 -0700

ActionController::RoutingError (uninitialized constant ActiveController):
  app/controllers/posts_controller.rb:1:in `<top (required)>'


  Rendered /Users/joshjeong/.rvm/gems/ruby-2.1.2/gems/actionpack-4.1.1/lib/action_dispatch/middleware/templates/rescues/_trace.html.erb (0.7ms)
  Rendered /Users/joshjeong/.rvm/gems/ruby-2.1.2/gems/actionpack-4.1.1/lib/action_dispatch/middleware/templates/routes/_route.html.erb (0.7ms)
  Rendered /Users/joshjeong/.rvm/gems/ruby-2.1.2/gems/actionpack-4.1.1/lib/action_dispatch/middleware/templates/routes/_table.html.erb (5.5ms)
  Rendered /Users/joshjeong/.rvm/gems/ruby-2.1.2/gems/actionpack-4.1.1/lib/action_dispatch/middleware/templates/rescues/routing_error.html.erb within rescues/layout (23.6ms)
  [1m[36mPost Load (0.7ms)[0m  [1mSELECT "posts".* FROM "posts"[0m
  [1m[35mComment Load (8.2ms)[0m  SELECT "comments".* FROM "comments"
  [1m[36m (0.1ms)[0m  [1mBEGIN[0m
  [1m[35mSQL (6.5ms)[0m  INSERT INTO "posts" ("content", "created_at", "title", "updated_at") VALUES ($1, $2, $3, $4) RETURNING "id"  [["content", "here"], ["created_at", "2014-08-06 16:50:37.160811"], ["title", "hi"], ["updated_at", "2014-08-06 16:50:37.160811"]]
  [1m[36m (13.0ms)[0m  [1mCOMMIT[0m
  [1m[35mPost Load (0.6ms)[0m  SELECT  "posts".* FROM "posts"   ORDER BY "posts"."id" ASC LIMIT 1
PG::UndefinedColumn: ERROR:  column comments.post_id does not exist
LINE 1: SELECT "comments".* FROM "comments"  WHERE "comments"."post_...
                                                   ^
: SELECT "comments".* FROM "comments"  WHERE "comments"."post_id" = $1
  [1m[36mPost Load (0.5ms)[0m  [1mSELECT  "posts".* FROM "posts"   ORDER BY "posts"."id" ASC LIMIT 1[0m
  [1m[35mPost Load (0.4ms)[0m  SELECT  "posts".* FROM "posts"   ORDER BY "posts"."id" ASC LIMIT 1
  [1m[36m (0.1ms)[0m  [1mBEGIN[0m
  [1m[35m (0.1ms)[0m  ROLLBACK
  [1m[36mComment Load (0.3ms)[0m  [1mSELECT "comments".* FROM "comments"[0m
  [1m[35m (0.2ms)[0m  BEGIN
  [1m[36mSQL (0.5ms)[0m  [1mINSERT INTO "comments" ("content", "created_at", "updated_at") VALUES ($1, $2, $3) RETURNING "id"[0m  [["content", "nowww"], ["created_at", "2014-08-06 16:52:19.230209"], ["updated_at", "2014-08-06 16:52:19.230209"]]
  [1m[35m (1.8ms)[0m  COMMIT
  [1m[36mPost Load (0.4ms)[0m  [1mSELECT  "posts".* FROM "posts"   ORDER BY "posts"."id" ASC LIMIT 1[0m
  [1m[35mComment Load (0.3ms)[0m  SELECT  "comments".* FROM "comments"   ORDER BY "comments"."id" ASC LIMIT 1
  [1m[36mPost Load (0.4ms)[0m  [1mSELECT  "posts".* FROM "posts"   ORDER BY "posts"."id" ASC LIMIT 1[0m
  [1m[35mComment Load (0.3ms)[0m  SELECT  "comments".* FROM "comments"   ORDER BY "comments"."id" ASC LIMIT 1
  [1m[36m (13.9ms)[0m  [1mCREATE TABLE "schema_migrations" ("version" character varying(255) NOT NULL) [0m
  [1m[35m (1.6ms)[0m  CREATE UNIQUE INDEX  "unique_schema_migrations" ON "schema_migrations"  ("version")
  [1m[36mActiveRecord::SchemaMigration Load (0.2ms)[0m  [1mSELECT "schema_migrations".* FROM "schema_migrations"[0m
Migrating to CreatePosts (20140806053831)
  [1m[35m (0.1ms)[0m  BEGIN
  [1m[36m (3.7ms)[0m  [1mCREATE TABLE "posts" ("id" serial primary key, "user_id" integer, "title" character varying(255), "content" text, "created_at" timestamp, "updated_at" timestamp) [0m
  [1m[35mSQL (0.2ms)[0m  INSERT INTO "schema_migrations" ("version") VALUES ($1)  [["version", "20140806053831"]]
  [1m[36m (0.3ms)[0m  [1mCOMMIT[0m
Migrating to CreateComments (20140806053906)
  [1m[35m (0.2ms)[0m  BEGIN
  [1m[36m (2.3ms)[0m  [1mCREATE TABLE "comments" ("id" serial primary key, "post_id" integer, "content" text, "created_at" timestamp, "updated_at" timestamp) [0m
  [1m[35mSQL (0.1ms)[0m  INSERT INTO "schema_migrations" ("version") VALUES ($1)  [["version", "20140806053906"]]
  [1m[36m (0.4ms)[0m  [1mCOMMIT[0m
Migrating to CreateUsers (20140806053949)
  [1m[35m (0.2ms)[0m  BEGIN
  [1m[36m (2.1ms)[0m  [1mCREATE TABLE "users" ("id" serial primary key, "username" character varying(255), "password" character varying(255), "created_at" timestamp, "updated_at" timestamp) [0m
  [1m[35mSQL (0.1ms)[0m  INSERT INTO "schema_migrations" ("version") VALUES ($1)  [["version", "20140806053949"]]
  [1m[36m (1.6ms)[0m  [1mCOMMIT[0m
  [1m[35mActiveRecord::SchemaMigration Load (0.2ms)[0m  SELECT "schema_migrations".* FROM "schema_migrations"
  [1m[36mActiveRecord::SchemaMigration Load (0.2ms)[0m  [1mSELECT "schema_migrations".* FROM "schema_migrations"[0m
  [1m[35m (0.1ms)[0m  BEGIN
  [1m[36mSQL (0.5ms)[0m  [1mINSERT INTO "posts" ("content", "created_at", "title", "updated_at") VALUES ($1, $2, $3, $4) RETURNING "id"[0m  [["content", "content"], ["created_at", "2014-08-06 16:59:32.004632"], ["title", "title"], ["updated_at", "2014-08-06 16:59:32.004632"]]
  [1m[35m (0.4ms)[0m  COMMIT
  [1m[36mActiveRecord::SchemaMigration Load (0.2ms)[0m  [1mSELECT "schema_migrations".* FROM "schema_migrations"[0m
  [1m[35m (0.1ms)[0m  BEGIN
  [1m[36mSQL (0.7ms)[0m  [1mINSERT INTO "posts" ("content", "created_at", "title", "updated_at") VALUES ($1, $2, $3, $4) RETURNING "id"[0m  [["content", "content"], ["created_at", "2014-08-06 17:00:00.223906"], ["title", "title"], ["updated_at", "2014-08-06 17:00:00.223906"]]
  [1m[35m (1.2ms)[0m  COMMIT
  [1m[36m (0.1ms)[0m  [1mBEGIN[0m
  [1m[35mSQL (0.4ms)[0m  INSERT INTO "posts" ("content", "created_at", "title", "updated_at") VALUES ($1, $2, $3, $4) RETURNING "id"  [["content", "content"], ["created_at", "2014-08-06 17:00:16.186277"], ["title", "title"], ["updated_at", "2014-08-06 17:00:16.186277"]]
  [1m[36m (0.9ms)[0m  [1mCOMMIT[0m
  [1m[35mPost Load (0.6ms)[0m  SELECT  "posts".* FROM "posts"   ORDER BY "posts"."id" ASC LIMIT 1
  [1m[36mComment Load (0.3ms)[0m  [1mSELECT "comments".* FROM "comments"  WHERE "comments"."post_id" = $1[0m  [["post_id", 1]]
  [1m[35mPost Load (0.4ms)[0m  SELECT  "posts".* FROM "posts"   ORDER BY "posts"."id" ASC LIMIT 1
  [1m[36m (0.1ms)[0m  [1mBEGIN[0m
  [1m[35mSQL (6.4ms)[0m  INSERT INTO "comments" ("content", "created_at", "post_id", "updated_at") VALUES ($1, $2, $3, $4) RETURNING "id"  [["content", "hell ya"], ["created_at", "2014-08-06 17:00:41.716602"], ["post_id", 1], ["updated_at", "2014-08-06 17:00:41.716602"]]
  [1m[36m (5.9ms)[0m  [1mCOMMIT[0m
  [1m[35mComment Load (0.3ms)[0m  SELECT "comments".* FROM "comments"
  [1m[36mPost Load (0.4ms)[0m  [1mSELECT  "posts".* FROM "posts"   ORDER BY "posts"."id" ASC LIMIT 1[0m
  [1m[35mPost Load (0.4ms)[0m  SELECT  "posts".* FROM "posts"   ORDER BY "posts"."id" ASC LIMIT 1
  [1m[36mComment Load (0.2ms)[0m  [1mSELECT "comments".* FROM "comments"  WHERE "comments"."post_id" = $1[0m  [["post_id", 1]]


Started GET "/" for 127.0.0.1 at 2014-08-06 10:02:33 -0700
  [1m[36mActiveRecord::SchemaMigration Load (0.2ms)[0m  [1mSELECT "schema_migrations".* FROM "schema_migrations"[0m
Processing by Rails::WelcomeController#index as HTML
  Rendered /Users/joshjeong/.rvm/gems/ruby-2.1.2/gems/railties-4.1.1/lib/rails/templates/rails/welcome/index.html.erb (1.8ms)
Completed 200 OK in 14ms (Views: 6.8ms | ActiveRecord: 0.0ms)


Started GET "/posts" for 127.0.0.1 at 2014-08-06 10:02:39 -0700
Processing by PostsController#index as HTML
  Rendered posts/index.html.erb within layouts/application (0.3ms)
Completed 200 OK in 278ms (Views: 277.2ms | ActiveRecord: 0.0ms)


Started GET "/assets/turbolinks.js?body=1" for 127.0.0.1 at 2014-08-06 10:02:39 -0700


Started GET "/assets/jquery.js?body=1" for 127.0.0.1 at 2014-08-06 10:02:39 -0700


Started GET "/assets/application.css?body=1" for 127.0.0.1 at 2014-08-06 10:02:39 -0700


Started GET "/assets/jquery_ujs.js?body=1" for 127.0.0.1 at 2014-08-06 10:02:39 -0700


Started GET "/assets/application.js?body=1" for 127.0.0.1 at 2014-08-06 10:02:39 -0700


Started GET "/posts" for 127.0.0.1 at 2014-08-06 10:03:03 -0700

SyntaxError (/Users/joshjeong/Code/Practice/Blog/blog/app/controllers/posts_controller.rb:4: syntax error, unexpected ':', expecting keyword_end
    erb: index
        ^):
  activesupport (4.1.1) lib/active_support/dependencies.rb:443:in `load'
  activesupport (4.1.1) lib/active_support/dependencies.rb:443:in `block in load_file'
  activesupport (4.1.1) lib/active_support/dependencies.rb:633:in `new_constants_in'
  activesupport (4.1.1) lib/active_support/dependencies.rb:442:in `load_file'
  activesupport (4.1.1) lib/active_support/dependencies.rb:342:in `require_or_load'
  activesupport (4.1.1) lib/active_support/dependencies.rb:480:in `load_missing_constant'
  activesupport (4.1.1) lib/active_support/dependencies.rb:180:in `const_missing'
  activesupport (4.1.1) lib/active_support/inflector/methods.rb:238:in `const_get'
  activesupport (4.1.1) lib/active_support/inflector/methods.rb:238:in `block in constantize'
  activesupport (4.1.1) lib/active_support/inflector/methods.rb:236:in `each'
  activesupport (4.1.1) lib/active_support/inflector/methods.rb:236:in `inject'
  activesupport (4.1.1) lib/active_support/inflector/methods.rb:236:in `constantize'
  activesupport (4.1.1) lib/active_support/dependencies.rb:552:in `get'
  activesupport (4.1.1) lib/active_support/dependencies.rb:583:in `constantize'
  actionpack (4.1.1) lib/action_dispatch/routing/route_set.rb:76:in `controller_reference'
  actionpack (4.1.1) lib/action_dispatch/routing/route_set.rb:66:in `controller'
  actionpack (4.1.1) lib/action_dispatch/routing/route_set.rb:44:in `call'
  actionpack (4.1.1) lib/action_dispatch/journey/router.rb:71:in `block in call'
  actionpack (4.1.1) lib/action_dispatch/journey/router.rb:59:in `each'
  actionpack (4.1.1) lib/action_dispatch/journey/router.rb:59:in `call'
  actionpack (4.1.1) lib/action_dispatch/routing/route_set.rb:676:in `call'
  rack (1.5.2) lib/rack/etag.rb:23:in `call'
  rack (1.5.2) lib/rack/conditionalget.rb:25:in `call'
  rack (1.5.2) lib/rack/head.rb:11:in `call'
  actionpack (4.1.1) lib/action_dispatch/middleware/params_parser.rb:27:in `call'
  actionpack (4.1.1) lib/action_dispatch/middleware/flash.rb:254:in `call'
  rack (1.5.2) lib/rack/session/abstract/id.rb:225:in `context'
  rack (1.5.2) lib/rack/session/abstract/id.rb:220:in `call'
  actionpack (4.1.1) lib/action_dispatch/middleware/cookies.rb:560:in `call'
  activerecord (4.1.1) lib/active_record/query_cache.rb:36:in `call'
  activerecord (4.1.1) lib/active_record/connection_adapters/abstract/connection_pool.rb:621:in `call'
  activerecord (4.1.1) lib/active_record/migration.rb:380:in `call'
  actionpack (4.1.1) lib/action_dispatch/middleware/callbacks.rb:29:in `block in call'
  activesupport (4.1.1) lib/active_support/callbacks.rb:82:in `run_callbacks'
  actionpack (4.1.1) lib/action_dispatch/middleware/callbacks.rb:27:in `call'
  actionpack (4.1.1) lib/action_dispatch/middleware/reloader.rb:73:in `call'
  actionpack (4.1.1) lib/action_dispatch/middleware/remote_ip.rb:76:in `call'
  actionpack (4.1.1) lib/action_dispatch/middleware/debug_exceptions.rb:17:in `call'
  actionpack (4.1.1) lib/action_dispatch/middleware/show_exceptions.rb:30:in `call'
  railties (4.1.1) lib/rails/rack/logger.rb:38:in `call_app'
  railties (4.1.1) lib/rails/rack/logger.rb:20:in `block in call'
  activesupport (4.1.1) lib/active_support/tagged_logging.rb:68:in `block in tagged'
  activesupport (4.1.1) lib/active_support/tagged_logging.rb:26:in `tagged'
  activesupport (4.1.1) lib/active_support/tagged_logging.rb:68:in `tagged'
  railties (4.1.1) lib/rails/rack/logger.rb:20:in `call'
  actionpack (4.1.1) lib/action_dispatch/middleware/request_id.rb:21:in `call'
  rack (1.5.2) lib/rack/methodoverride.rb:21:in `call'
  rack (1.5.2) lib/rack/runtime.rb:17:in `call'
  activesupport (4.1.1) lib/active_support/cache/strategy/local_cache_middleware.rb:26:in `call'
  rack (1.5.2) lib/rack/lock.rb:17:in `call'
  actionpack (4.1.1) lib/action_dispatch/middleware/static.rb:64:in `call'
  rack (1.5.2) lib/rack/sendfile.rb:112:in `call'
  railties (4.1.1) lib/rails/engine.rb:514:in `call'
  railties (4.1.1) lib/rails/application.rb:144:in `call'
  rack (1.5.2) lib/rack/lock.rb:17:in `call'
  rack (1.5.2) lib/rack/content_length.rb:14:in `call'
  rack (1.5.2) lib/rack/handler/webrick.rb:60:in `service'
  /Users/joshjeong/.rvm/rubies/ruby-2.1.2/lib/ruby/2.1.0/webrick/httpserver.rb:138:in `service'
  /Users/joshjeong/.rvm/rubies/ruby-2.1.2/lib/ruby/2.1.0/webrick/httpserver.rb:94:in `run'
  /Users/joshjeong/.rvm/rubies/ruby-2.1.2/lib/ruby/2.1.0/webrick/server.rb:295:in `block in start_thread'


  Rendered /Users/joshjeong/.rvm/gems/ruby-2.1.2/gems/actionpack-4.1.1/lib/action_dispatch/middleware/templates/rescues/_source.erb (0.6ms)
  Rendered /Users/joshjeong/.rvm/gems/ruby-2.1.2/gems/actionpack-4.1.1/lib/action_dispatch/middleware/templates/rescues/_trace.html.erb (1.1ms)
  Rendered /Users/joshjeong/.rvm/gems/ruby-2.1.2/gems/actionpack-4.1.1/lib/action_dispatch/middleware/templates/rescues/_request_and_response.html.erb (1.3ms)
  Rendered /Users/joshjeong/.rvm/gems/ruby-2.1.2/gems/actionpack-4.1.1/lib/action_dispatch/middleware/templates/rescues/diagnostics.erb within rescues/layout (17.4ms)


Started GET "/posts" for 127.0.0.1 at 2014-08-06 10:03:09 -0700
Processing by PostsController#index as HTML
Completed 500 Internal Server Error in 3ms

NoMethodError (undefined method `erb' for #<PostsController:0x00000101560390>):
  app/controllers/posts_controller.rb:4:in `index'


  Rendered /Users/joshjeong/.rvm/gems/ruby-2.1.2/gems/actionpack-4.1.1/lib/action_dispatch/middleware/templates/rescues/_source.erb (0.4ms)
  Rendered /Users/joshjeong/.rvm/gems/ruby-2.1.2/gems/actionpack-4.1.1/lib/action_dispatch/middleware/templates/rescues/_trace.html.erb (0.7ms)
  Rendered /Users/joshjeong/.rvm/gems/ruby-2.1.2/gems/actionpack-4.1.1/lib/action_dispatch/middleware/templates/rescues/_request_and_response.html.erb (0.6ms)
  Rendered /Users/joshjeong/.rvm/gems/ruby-2.1.2/gems/actionpack-4.1.1/lib/action_dispatch/middleware/templates/rescues/diagnostics.erb within rescues/layout (11.1ms)


Started GET "/posts" for 127.0.0.1 at 2014-08-06 10:21:28 -0700
  [1m[36mActiveRecord::SchemaMigration Load (0.2ms)[0m  [1mSELECT "schema_migrations".* FROM "schema_migrations"[0m
Processing by PostsController#index as HTML
Completed 500 Internal Server Error in 9ms

NoMethodError (undefined method `erb' for #<PostsController:0x000001064ff248>):
  app/controllers/posts_controller.rb:4:in `index'


  Rendered /Users/joshjeong/.rvm/gems/ruby-2.1.2/gems/actionpack-4.1.1/lib/action_dispatch/middleware/templates/rescues/_source.erb (0.5ms)
  Rendered /Users/joshjeong/.rvm/gems/ruby-2.1.2/gems/actionpack-4.1.1/lib/action_dispatch/middleware/templates/rescues/_trace.html.erb (0.8ms)
  Rendered /Users/joshjeong/.rvm/gems/ruby-2.1.2/gems/actionpack-4.1.1/lib/action_dispatch/middleware/templates/rescues/_request_and_response.html.erb (0.6ms)
  Rendered /Users/joshjeong/.rvm/gems/ruby-2.1.2/gems/actionpack-4.1.1/lib/action_dispatch/middleware/templates/rescues/diagnostics.erb within rescues/layout (12.4ms)


Started GET "/posts" for 127.0.0.1 at 2014-08-06 10:22:07 -0700
  [1m[36mActiveRecord::SchemaMigration Load (0.2ms)[0m  [1mSELECT "schema_migrations".* FROM "schema_migrations"[0m
Processing by PostsController#index as HTML
  Rendered posts/index.html.erb within layouts/application (0.8ms)
Completed 200 OK in 22ms (Views: 15.4ms | ActiveRecord: 0.0ms)


Started GET "/assets/application.css?body=1" for 127.0.0.1 at 2014-08-06 10:22:08 -0700


Started GET "/assets/jquery_ujs.js?body=1" for 127.0.0.1 at 2014-08-06 10:22:08 -0700


Started GET "/assets/turbolinks.js?body=1" for 127.0.0.1 at 2014-08-06 10:22:08 -0700


Started GET "/assets/jquery.js?body=1" for 127.0.0.1 at 2014-08-06 10:22:08 -0700


Started GET "/assets/application.js?body=1" for 127.0.0.1 at 2014-08-06 10:22:08 -0700


Started GET "/posts" for 127.0.0.1 at 2014-08-06 10:22:46 -0700
Processing by PostsController#index as HTML
  Rendered posts/index.html.erb within layouts/application (0.3ms)
Completed 200 OK in 4ms (Views: 2.9ms | ActiveRecord: 0.0ms)


Started GET "/assets/jquery.js?body=1" for 127.0.0.1 at 2014-08-06 10:22:46 -0700


Started GET "/assets/application.css?body=1" for 127.0.0.1 at 2014-08-06 10:22:46 -0700


Started GET "/assets/turbolinks.js?body=1" for 127.0.0.1 at 2014-08-06 10:22:46 -0700


Started GET "/assets/application.js?body=1" for 127.0.0.1 at 2014-08-06 10:22:46 -0700


Started GET "/assets/jquery_ujs.js?body=1" for 127.0.0.1 at 2014-08-06 10:22:46 -0700
  [1m[36mSQL (0.2ms)[0m  [1mCREATE EXTENSION IF NOT EXISTS "plpgsql"[0m
  [1m[35m (4.5ms)[0m  CREATE TABLE "comments" ("id" serial primary key, "post_id" integer, "content" text, "created_at" timestamp, "updated_at" timestamp) 
  [1m[36m (2.6ms)[0m  [1mCREATE TABLE "posts" ("id" serial primary key, "user_id" integer, "title" character varying(255), "content" text, "created_at" timestamp, "updated_at" timestamp) [0m
  [1m[35m (2.4ms)[0m  CREATE TABLE "users" ("id" serial primary key, "username" character varying(255), "password" character varying(255), "created_at" timestamp, "updated_at" timestamp) 
  [1m[36m (0.7ms)[0m  [1mCREATE TABLE "schema_migrations" ("version" character varying(255) NOT NULL) [0m
  [1m[35m (0.8ms)[0m  CREATE UNIQUE INDEX  "unique_schema_migrations" ON "schema_migrations"  ("version")
  [1m[36m (0.2ms)[0m  [1mSELECT version FROM "schema_migrations"[0m
  [1m[35m (0.4ms)[0m  INSERT INTO "schema_migrations" (version) VALUES ('20140806053949')
  [1m[36m (0.4ms)[0m  [1mINSERT INTO "schema_migrations" (version) VALUES ('20140806053831')[0m
  [1m[35m (0.3ms)[0m  INSERT INTO "schema_migrations" (version) VALUES ('20140806053906')
  [1m[36mActiveRecord::SchemaMigration Load (0.1ms)[0m  [1mSELECT "schema_migrations".* FROM "schema_migrations"[0m
  [1m[35m (0.1ms)[0m  BEGIN
  [1m[36mSQL (5.1ms)[0m  [1mINSERT INTO "posts" ("content", "created_at", "title", "updated_at") VALUES ($1, $2, $3, $4) RETURNING "id"[0m  [["content", "Aut veniam et sunt est dolores."], ["created_at", "2014-08-06 17:29:34.969173"], ["title", "Corporate Factors Director"], ["updated_at", "2014-08-06 17:29:34.969173"]]
  [1m[35m (0.4ms)[0m  COMMIT
  [1m[36m (0.1ms)[0m  [1mBEGIN[0m
  [1m[35mSQL (0.2ms)[0m  INSERT INTO "posts" ("content", "created_at", "title", "updated_at") VALUES ($1, $2, $3, $4) RETURNING "id"  [["content", "Ducimus voluptate consequatur nesciunt sunt nemo."], ["created_at", "2014-08-06 17:29:34.978341"], ["title", "Regional Communications Consultant"], ["updated_at", "2014-08-06 17:29:34.978341"]]
  [1m[36m (0.3ms)[0m  [1mCOMMIT[0m
  [1m[35m (0.1ms)[0m  BEGIN
  [1m[36mSQL (0.1ms)[0m  [1mINSERT INTO "posts" ("content", "created_at", "title", "updated_at") VALUES ($1, $2, $3, $4) RETURNING "id"[0m  [["content", "Officiis qui minus aut saepe eaque nesciunt et."], ["created_at", "2014-08-06 17:29:34.980014"], ["title", "Customer Applications Liason"], ["updated_at", "2014-08-06 17:29:34.980014"]]
  [1m[35m (0.3ms)[0m  COMMIT
  [1m[36m (0.1ms)[0m  [1mBEGIN[0m
  [1m[35mSQL (0.1ms)[0m  INSERT INTO "posts" ("content", "created_at", "title", "updated_at") VALUES ($1, $2, $3, $4) RETURNING "id"  [["content", "Ipsa magni voluptatibus deleniti ut quia illo."], ["created_at", "2014-08-06 17:29:34.981375"], ["title", "Chief Accountability Officer"], ["updated_at", "2014-08-06 17:29:34.981375"]]
  [1m[36m (0.4ms)[0m  [1mCOMMIT[0m
  [1m[35m (0.1ms)[0m  BEGIN
  [1m[36mSQL (0.2ms)[0m  [1mINSERT INTO "posts" ("content", "created_at", "title", "updated_at") VALUES ($1, $2, $3, $4) RETURNING "id"[0m  [["content", "Error aut odit necessitatibus quae blanditiis."], ["created_at", "2014-08-06 17:29:34.982882"], ["title", "Internal Data Producer"], ["updated_at", "2014-08-06 17:29:34.982882"]]
  [1m[35m (0.3ms)[0m  COMMIT
  [1m[36m (0.1ms)[0m  [1mBEGIN[0m
  [1m[35mSQL (0.2ms)[0m  INSERT INTO "posts" ("content", "created_at", "title", "updated_at") VALUES ($1, $2, $3, $4) RETURNING "id"  [["content", "Eum quibusdam voluptatem molestiae veritatis error."], ["created_at", "2014-08-06 17:29:34.984174"], ["title", "Internal Marketing Orchestrator"], ["updated_at", "2014-08-06 17:29:34.984174"]]
  [1m[36m (0.3ms)[0m  [1mCOMMIT[0m
  [1m[35m (0.1ms)[0m  BEGIN
  [1m[36mSQL (0.1ms)[0m  [1mINSERT INTO "posts" ("content", "created_at", "title", "updated_at") VALUES ($1, $2, $3, $4) RETURNING "id"[0m  [["content", "Corporis et et ut quis ducimus qui officia."], ["created_at", "2014-08-06 17:29:34.985512"], ["title", "Global Communications Designer"], ["updated_at", "2014-08-06 17:29:34.985512"]]
  [1m[35m (0.3ms)[0m  COMMIT
  [1m[36m (0.1ms)[0m  [1mBEGIN[0m
  [1m[35mSQL (0.1ms)[0m  INSERT INTO "posts" ("content", "created_at", "title", "updated_at") VALUES ($1, $2, $3, $4) RETURNING "id"  [["content", "In explicabo voluptas voluptatibus."], ["created_at", "2014-08-06 17:29:34.986788"], ["title", "Senior Accountability Developer"], ["updated_at", "2014-08-06 17:29:34.986788"]]
  [1m[36m (0.3ms)[0m  [1mCOMMIT[0m
  [1m[35m (0.1ms)[0m  BEGIN
  [1m[36mSQL (0.1ms)[0m  [1mINSERT INTO "posts" ("content", "created_at", "title", "updated_at") VALUES ($1, $2, $3, $4) RETURNING "id"[0m  [["content", "Quo ex quia magni autem eum ea quia in."], ["created_at", "2014-08-06 17:29:34.988056"], ["title", "National Accountability Associate"], ["updated_at", "2014-08-06 17:29:34.988056"]]
  [1m[35m (0.3ms)[0m  COMMIT
  [1m[36m (0.1ms)[0m  [1mBEGIN[0m
  [1m[35mSQL (0.1ms)[0m  INSERT INTO "posts" ("content", "created_at", "title", "updated_at") VALUES ($1, $2, $3, $4) RETURNING "id"  [["content", "Qui necessitatibus ullam dolorem modi sit."], ["created_at", "2014-08-06 17:29:34.989327"], ["title", "Corporate Mobility Designer"], ["updated_at", "2014-08-06 17:29:34.989327"]]
  [1m[36m (0.3ms)[0m  [1mCOMMIT[0m
  [1m[36mActiveRecord::SchemaMigration Load (0.2ms)[0m  [1mSELECT "schema_migrations".* FROM "schema_migrations"[0m
  [1m[35m (0.1ms)[0m  BEGIN
  [1m[36mSQL (0.7ms)[0m  [1mINSERT INTO "posts" ("content", "created_at", "title", "updated_at") VALUES ($1, $2, $3, $4) RETURNING "id"[0m  [["content", "Doloribus ut et vel possimus tempora voluptatem."], ["created_at", "2014-08-06 17:29:41.874647"], ["title", "Dynamic Branding Consultant"], ["updated_at", "2014-08-06 17:29:41.874647"]]
  [1m[35m (1.0ms)[0m  COMMIT
  [1m[36m (0.1ms)[0m  [1mBEGIN[0m
  [1m[35mSQL (0.2ms)[0m  INSERT INTO "posts" ("content", "created_at", "title", "updated_at") VALUES ($1, $2, $3, $4) RETURNING "id"  [["content", "Totam voluptatem dicta eaque dolores consectetur vitae."], ["created_at", "2014-08-06 17:29:41.879539"], ["title", "Corporate Program Specialist"], ["updated_at", "2014-08-06 17:29:41.879539"]]
  [1m[36m (0.3ms)[0m  [1mCOMMIT[0m
  [1m[35m (0.1ms)[0m  BEGIN
  [1m[36mSQL (0.2ms)[0m  [1mINSERT INTO "posts" ("content", "created_at", "title", "updated_at") VALUES ($1, $2, $3, $4) RETURNING "id"[0m  [["content", "Ducimus et sit nemo asperiores tempore veniam incidunt aut."], ["created_at", "2014-08-06 17:29:41.881237"], ["title", "Product Quality Coordinator"], ["updated_at", "2014-08-06 17:29:41.881237"]]
  [1m[35m (0.3ms)[0m  COMMIT
  [1m[36m (0.1ms)[0m  [1mBEGIN[0m
  [1m[35mSQL (0.2ms)[0m  INSERT INTO "posts" ("content", "created_at", "title", "updated_at") VALUES ($1, $2, $3, $4) RETURNING "id"  [["content", "Doloremque voluptas nisi et odit modi sed quos."], ["created_at", "2014-08-06 17:29:41.882612"], ["title", "Direct Division Producer"], ["updated_at", "2014-08-06 17:29:41.882612"]]
  [1m[36m (0.3ms)[0m  [1mCOMMIT[0m
  [1m[35m (0.1ms)[0m  BEGIN
  [1m[36mSQL (0.2ms)[0m  [1mINSERT INTO "posts" ("content", "created_at", "title", "updated_at") VALUES ($1, $2, $3, $4) RETURNING "id"[0m  [["content", "Sapiente veritatis quos quia est magni."], ["created_at", "2014-08-06 17:29:41.884068"], ["title", "International Web Supervisor"], ["updated_at", "2014-08-06 17:29:41.884068"]]
  [1m[35m (0.3ms)[0m  COMMIT
  [1m[36m (0.1ms)[0m  [1mBEGIN[0m
  [1m[35mSQL (0.2ms)[0m  INSERT INTO "posts" ("content", "created_at", "title", "updated_at") VALUES ($1, $2, $3, $4) RETURNING "id"  [["content", "Quibusdam ea provident suscipit deserunt in pariatur."], ["created_at", "2014-08-06 17:29:41.885405"], ["title", "Investor Usability Strategist"], ["updated_at", "2014-08-06 17:29:41.885405"]]
  [1m[36m (0.3ms)[0m  [1mCOMMIT[0m
  [1m[35m (0.1ms)[0m  BEGIN
  [1m[36mSQL (0.1ms)[0m  [1mINSERT INTO "posts" ("content", "created_at", "title", "updated_at") VALUES ($1, $2, $3, $4) RETURNING "id"[0m  [["content", "Iusto autem eligendi corporis."], ["created_at", "2014-08-06 17:29:41.886699"], ["title", "Future Creative Specialist"], ["updated_at", "2014-08-06 17:29:41.886699"]]
  [1m[35m (0.3ms)[0m  COMMIT
  [1m[36m (0.1ms)[0m  [1mBEGIN[0m
  [1m[35mSQL (0.1ms)[0m  INSERT INTO "posts" ("content", "created_at", "title", "updated_at") VALUES ($1, $2, $3, $4) RETURNING "id"  [["content", "Nobis eaque est distinctio vero repellendus."], ["created_at", "2014-08-06 17:29:41.887929"], ["title", "Legacy Markets Administrator"], ["updated_at", "2014-08-06 17:29:41.887929"]]
  [1m[36m (0.3ms)[0m  [1mCOMMIT[0m
  [1m[35m (0.1ms)[0m  BEGIN
  [1m[36mSQL (0.1ms)[0m  [1mINSERT INTO "posts" ("content", "created_at", "title", "updated_at") VALUES ($1, $2, $3, $4) RETURNING "id"[0m  [["content", "Et ab et dolorem iste velit."], ["created_at", "2014-08-06 17:29:41.889204"], ["title", "Regional Infrastructure Consultant"], ["updated_at", "2014-08-06 17:29:41.889204"]]
  [1m[35m (0.3ms)[0m  COMMIT
  [1m[36m (0.1ms)[0m  [1mBEGIN[0m
  [1m[35mSQL (0.1ms)[0m  INSERT INTO "posts" ("content", "created_at", "title", "updated_at") VALUES ($1, $2, $3, $4) RETURNING "id"  [["content", "Libero illum deserunt cum voluptates voluptas."], ["created_at", "2014-08-06 17:29:41.890466"], ["title", "Chief Paradigm Supervisor"], ["updated_at", "2014-08-06 17:29:41.890466"]]
  [1m[36m (0.3ms)[0m  [1mCOMMIT[0m
  [1m[36mPost Load (0.4ms)[0m  [1mSELECT "posts".* FROM "posts"[0m
  [1m[35mPost Load (0.8ms)[0m  SELECT  "posts".* FROM "posts"   ORDER BY "posts"."id" ASC LIMIT 1
